[    35.367] (--) Log file renamed from "/home/santhosh/.local/share/xorg/Xorg.pid-889.log" to "/home/santhosh/.local/share/xorg/Xorg.0.log"
[    35.498] 
X.Org X Server 1.20.5
X Protocol Version 11, Revision 0
[    35.498] Build Operating System: Linux 4.4.0-170-generic x86_64 Ubuntu
[    35.498] Current Operating System: Linux santhosh-VirtualBox 5.3.0-28-generic #30~18.04.1-Ubuntu SMP Fri Jan 17 06:14:09 UTC 2020 x86_64
[    35.498] Kernel command line: BOOT_IMAGE=/boot/vmlinuz-5.3.0-28-generic root=UUID=105f6dbc-3523-424a-8f26-0f5cedf2bf01 ro quiet splash
[    35.498] Build Date: 18 December 2019  08:15:29AM
[    35.498] xorg-server-hwe-18.04 2:1.20.5+git20191008-0ubuntu1~18.04.1 (For technical support please see http://www.ubuntu.com/support) 
[    35.498] Current version of pixman: 0.34.0
[    35.498] 	Before reporting problems, check http://wiki.x.org
	to make sure that you have the latest version.
[    35.498] Markers: (--) probed, (**) from config file, (==) default setting,
	(++) from command line, (!!) notice, (II) informational,
	(WW) warning, (EE) error, (NI) not implemented, (??) unknown.
[    35.499] (==) Log file: "/home/santhosh/.local/share/xorg/Xorg.0.log", Time: Thu Jul 16 07:28:33 2020
[    35.558] (==) Using system config directory "/usr/share/X11/xorg.conf.d"
[    35.626] (==) No Layout section.  Using the first Screen section.
[    35.626] (==) No screen section available. Using defaults.
[    35.626] (**) |-->Screen "Default Screen Section" (0)
[    35.626] (**) |   |-->Monitor "<default monitor>"
[    35.636] (==) No monitor specified for screen "Default Screen Section".
	Using a default monitor configuration.
[    35.636] (==) Automatically adding devices
[    35.636] (==) Automatically enabling devices
[    35.636] (==) Automatically adding GPU devices
[    35.637] (==) Automatically binding GPU devices
[    35.637] (==) Max clients allowed: 256, resource mask: 0x1fffff
[    35.646] (WW) The directory "/usr/share/fonts/X11/cyrillic" does not exist.
[    35.646] 	Entry deleted from font path.
[    35.646] (WW) The directory "/usr/share/fonts/X11/100dpi/" does not exist.
[    35.646] 	Entry deleted from font path.
[    35.646] (WW) The directory "/usr/share/fonts/X11/75dpi/" does not exist.
[    35.646] 	Entry deleted from font path.
[    35.657] (WW) The directory "/usr/share/fonts/X11/100dpi" does not exist.
[    35.657] 	Entry deleted from font path.
[    35.657] (WW) The directory "/usr/share/fonts/X11/75dpi" does not exist.
[    35.657] 	Entry deleted from font path.
[    35.657] (==) FontPath set to:
	/usr/share/fonts/X11/misc,
	/usr/share/fonts/X11/Type1,
	built-ins
[    35.658] (==) ModulePath set to "/usr/lib/xorg/modules"
[    35.658] (II) The server relies on udev to provide the list of input devices.
	If no devices become available, reconfigure udev or disable AutoAddDevices.
[    35.658] (II) Loader magic: 0x56097742d020
[    35.658] (II) Module ABI versions:
[    35.658] 	X.Org ANSI C Emulation: 0.4
[    35.658] 	X.Org Video Driver: 24.0
[    35.658] 	X.Org XInput driver : 24.1
[    35.658] 	X.Org Server Extension : 10.0
[    35.664] (++) using VT number 1

[    35.675] (II) systemd-logind: took control of session /org/freedesktop/login1/session/_31
[    35.679] (II) xfree86: Adding drm device (/dev/dri/card0)
[    35.682] (II) systemd-logind: got fd for /dev/dri/card0 226:0 fd 12 paused 0
[    35.692] (--) PCI:*(0@0:2:0) 15ad:0405:15ad:0405 rev 0, Mem @ 0xf0000000/16777216, 0xf1000000/2097152, I/O @ 0x0000d010/16, BIOS @ 0x????????/131072
[    35.693] (II) LoadModule: "glx"
[    35.777] (II) Loading /usr/lib/xorg/modules/extensions/libglx.so
[    36.090] (II) Module glx: vendor="X.Org Foundation"
[    36.090] 	compiled for 1.20.5, module version = 1.0.0
[    36.091] 	ABI class: X.Org Server Extension, version 10.0
[    36.091] (==) Matched vmware as autoconfigured driver 0
[    36.091] (==) Matched modesetting as autoconfigured driver 1
[    36.092] (==) Matched fbdev as autoconfigured driver 2
[    36.092] (==) Matched vesa as autoconfigured driver 3
[    36.092] (==) Assigned the driver to the xf86ConfigLayout
[    36.092] (II) LoadModule: "vmware"
[    36.093] (II) Loading /usr/lib/xorg/modules/drivers/vmware_drv.so
[    37.596] (II) Module vmware: vendor="X.Org Foundation"
[    37.596] 	compiled for 1.20.1, module version = 13.3.0
[    37.596] 	Module class: X.Org Video Driver
[    37.596] 	ABI class: X.Org Video Driver, version 24.0
[    37.596] (II) LoadModule: "modesetting"
[    37.596] (II) Loading /usr/lib/xorg/modules/drivers/modesetting_drv.so
[    37.601] (II) Module modesetting: vendor="X.Org Foundation"
[    37.601] 	compiled for 1.20.5, module version = 1.20.5
[    37.601] 	Module class: X.Org Video Driver
[    37.601] 	ABI class: X.Org Video Driver, version 24.0
[    37.602] (II) LoadModule: "fbdev"
[    37.602] (II) Loading /usr/lib/xorg/modules/drivers/fbdev_drv.so
[    37.612] (II) Module fbdev: vendor="X.Org Foundation"
[    37.612] 	compiled for 1.20.1, module version = 0.5.0
[    37.612] 	Module class: X.Org Video Driver
[    37.612] 	ABI class: X.Org Video Driver, version 24.0
[    37.612] (II) LoadModule: "vesa"
[    37.612] (II) Loading /usr/lib/xorg/modules/drivers/vesa_drv.so
[    37.623] (II) Module vesa: vendor="X.Org Foundation"
[    37.623] 	compiled for 1.20.1, module version = 2.4.0
[    37.623] 	Module class: X.Org Video Driver
[    37.623] 	ABI class: X.Org Video Driver, version 24.0
[    37.623] (II) vmware: driver for VMware SVGA: vmware0405, vmware0710
[    37.624] (II) modesetting: Driver for Modesetting Kernel Drivers: kms
[    37.624] (II) FBDEV: driver for framebuffer: fbdev
[    37.624] (II) VESA: driver for VESA chipsets: vesa
[    37.624] xf86EnableIOPorts: failed to set IOPL for I/O (Operation not permitted)
[    37.624] (WW) Falling back to old probe method for modesetting
[    37.624] (WW) Falling back to old probe method for fbdev
[    37.624] (II) Loading sub module "fbdevhw"
[    37.624] (II) LoadModule: "fbdevhw"
[    37.624] (II) Loading /usr/lib/xorg/modules/libfbdevhw.so
[    37.635] (II) Module fbdevhw: vendor="X.Org Foundation"
[    37.635] 	compiled for 1.20.5, module version = 0.0.2
[    37.635] 	ABI class: X.Org Video Driver, version 24.0
[    37.635] (EE) open /dev/fb0: Permission denied
[    37.635] (WW) VGA arbiter: cannot open kernel arbiter, no multi-card support
[    37.635] (II) vmware(0): Creating default Display subsection in Screen section
	"Default Screen Section" for depth/fbbpp 24/32
[    37.636] (--) vmware(0): DRM driver version is 2.15.0
[    37.636] (==) vmware(0): Depth 24, (--) framebuffer bpp 32
[    37.636] (==) vmware(0): RGB weight 888
[    37.636] (==) vmware(0): Default visual is TrueColor
[    37.636] (--) vmware(0): Min width 1, Max Width 8192.
[    37.636] (--) vmware(0): Min height 1, Max Height 8192.
[    37.636] (II) vmware(0): Output Virtual1 has no monitor section
[    37.636] (II) vmware(0): Output Virtual2 has no monitor section
[    37.636] (II) vmware(0): Output Virtual3 has no monitor section
[    37.636] (II) vmware(0): Output Virtual4 has no monitor section
[    37.636] (II) vmware(0): Output Virtual5 has no monitor section
[    37.636] (II) vmware(0): Output Virtual6 has no monitor section
[    37.637] (II) vmware(0): Output Virtual7 has no monitor section
[    37.637] (II) vmware(0): Output Virtual8 has no monitor section
[    37.641] (II) vmware(0): Printing probed modes for output Virtual1
[    37.641] (II) vmware(0): Modeline "800x600"x60.0   42.75  800 850 900 950  600 650 700 750 -hsync +vsync (45.0 kHz eP)
[    37.641] (II) vmware(0): Modeline "2560x1600"x60.0  348.50  2560 2752 3032 3504  1600 1603 1609 1658 -hsync +vsync (99.5 kHz e)
[    37.641] (II) vmware(0): Modeline "1920x1440"x60.0  234.00  1920 2048 2256 2600  1440 1441 1444 1500 -hsync +vsync (90.0 kHz e)
[    37.641] (II) vmware(0): Modeline "1856x1392"x60.0  218.25  1856 1952 2176 2528  1392 1393 1396 1439 -hsync +vsync (86.3 kHz e)
[    37.641] (II) vmware(0): Modeline "1792x1344"x60.0  204.75  1792 1920 2120 2448  1344 1345 1348 1394 -hsync +vsync (83.6 kHz e)
[    37.641] (II) vmware(0): Modeline "1920x1200"x59.9  193.25  1920 2056 2256 2592  1200 1203 1209 1245 -hsync +vsync (74.6 kHz e)
[    37.641] (II) vmware(0): Modeline "1600x1200"x60.0  162.00  1600 1664 1856 2160  1200 1201 1204 1250 +hsync +vsync (75.0 kHz e)
[    37.641] (II) vmware(0): Modeline "1680x1050"x60.0  146.25  1680 1784 1960 2240  1050 1053 1059 1089 -hsync +vsync (65.3 kHz e)
[    37.641] (II) vmware(0): Modeline "1400x1050"x60.0  121.75  1400 1488 1632 1864  1050 1053 1057 1089 -hsync +vsync (65.3 kHz e)
[    37.642] (II) vmware(0): Modeline "1280x1024"x60.0  108.00  1280 1328 1440 1688  1024 1025 1028 1066 +hsync +vsync (64.0 kHz e)
[    37.642] (II) vmware(0): Modeline "1440x900"x59.9  106.50  1440 1520 1672 1904  900 903 909 934 -hsync +vsync (55.9 kHz e)
[    37.642] (II) vmware(0): Modeline "1280x960"x60.0  108.00  1280 1376 1488 1800  960 961 964 1000 +hsync +vsync (60.0 kHz e)
[    37.642] (II) vmware(0): Modeline "1360x768"x60.0   85.50  1360 1424 1536 1792  768 771 777 795 +hsync +vsync (47.7 kHz e)
[    37.642] (II) vmware(0): Modeline "1280x800"x59.8   83.50  1280 1352 1480 1680  800 803 809 831 +hsync -vsync (49.7 kHz e)
[    37.642] (II) vmware(0): Modeline "1152x864"x75.0  108.00  1152 1216 1344 1600  864 865 868 900 +hsync +vsync (67.5 kHz e)
[    37.642] (II) vmware(0): Modeline "1280x768"x59.9   79.50  1280 1344 1472 1664  768 771 778 798 -hsync +vsync (47.8 kHz e)
[    37.642] (II) vmware(0): Modeline "1024x768"x60.0   65.00  1024 1048 1184 1344  768 771 777 806 -hsync -vsync (48.4 kHz e)
[    37.642] (II) vmware(0): Modeline "800x600"x60.3   40.00  800 840 968 1056  600 601 605 628 +hsync +vsync (37.9 kHz e)
[    37.642] (II) vmware(0): Modeline "640x480"x59.9   25.18  640 656 752 800  480 489 492 525 -hsync -vsync (31.5 kHz e)
[    37.642] (II) vmware(0): EDID for output Virtual2
[    37.642] (II) vmware(0): EDID for output Virtual3
[    37.642] (II) vmware(0): EDID for output Virtual4
[    37.642] (II) vmware(0): EDID for output Virtual5
[    37.642] (II) vmware(0): EDID for output Virtual6
[    37.642] (II) vmware(0): EDID for output Virtual7
[    37.643] (II) vmware(0): EDID for output Virtual8
[    37.643] (II) vmware(0): Output Virtual1 connected
[    37.643] (II) vmware(0): Output Virtual2 disconnected
[    37.643] (II) vmware(0): Output Virtual3 disconnected
[    37.643] (II) vmware(0): Output Virtual4 disconnected
[    37.643] (II) vmware(0): Output Virtual5 disconnected
[    37.643] (II) vmware(0): Output Virtual6 disconnected
[    37.643] (II) vmware(0): Output Virtual7 disconnected
[    37.643] (II) vmware(0): Output Virtual8 disconnected
[    37.643] (II) vmware(0): Using exact sizes for initial modes
[    37.643] (II) vmware(0): Output Virtual1 using initial mode 800x600 +0+0
[    37.643] (==) vmware(0): DPI set to (96, 96)
[    37.643] (==) vmware(0): Using gamma correction (1.0, 1.0, 1.0)
[    37.643] (II) Loading sub module "fb"
[    37.643] (II) LoadModule: "fb"
[    37.643] (II) Loading /usr/lib/xorg/modules/libfb.so
[    37.671] (II) Module fb: vendor="X.Org Foundation"
[    37.671] 	compiled for 1.20.5, module version = 1.0.0
[    37.671] 	ABI class: X.Org ANSI C Emulation, version 0.4
[    37.671] (II) Loading sub module "dri2"
[    37.671] (II) LoadModule: "dri2"
[    37.671] (II) Module "dri2" already built-in
[    37.671] (II) Loading sub module "dri3"
[    37.671] (II) LoadModule: "dri3"
[    37.671] (II) Module "dri3" already built-in
[    37.671] (II) UnloadModule: "modesetting"
[    37.671] (II) Unloading modesetting
[    37.671] (II) UnloadModule: "fbdev"
[    37.671] (II) Unloading fbdev
[    37.671] (II) UnloadSubModule: "fbdevhw"
[    37.671] (II) Unloading fbdevhw
[    37.672] (II) UnloadModule: "vesa"
[    37.672] (II) Unloading vesa
[    37.680] (II) vmware(0): Initialized VMWARE_CTRL extension version 0.2
[    37.758] (WW) vmware(0): Failed to initialize Gallium3D Xa. No render acceleration available.
[    37.758] (WW) vmware(0): Skipped initialization of direct rendering due to lack of render acceleration.
[    37.758] (--) vmware(0): Render acceleration is disabled.
[    37.758] (==) vmware(0): Rendercheck mode is disabled.
[    37.758] (--) vmware(0): Direct rendering (DRI2 3D) is disabled.
[    37.758] (--) vmware(0): Direct rendering (DRI3 3D) is disabled.
[    37.758] (==) vmware(0): Backing store enabled
[    37.758] (==) vmware(0): Silken mouse enabled
[    37.762] (==) vmware(0): DPMS enabled
[    37.763] (II) vmware(0): No 3D acceleration. Not setting up textured video.
[    37.763] (WW) vmware(0): Disabling Xv because no adaptors could be initialized.
[    37.763] (II) Initializing extension Generic Event Extension
[    37.764] (II) Initializing extension SHAPE
[    37.765] (II) Initializing extension MIT-SHM
[    37.770] (II) Initializing extension XInputExtension
[    37.772] (II) Initializing extension XTEST
[    37.772] (II) Initializing extension BIG-REQUESTS
[    37.773] (II) Initializing extension SYNC
[    37.775] (II) Initializing extension XKEYBOARD
[    37.777] (II) Initializing extension XC-MISC
[    37.778] (II) Initializing extension SECURITY
[    37.781] (II) Initializing extension XFIXES
[    37.782] (II) Initializing extension RENDER
[    37.783] (II) Initializing extension RANDR
[    37.789] (II) Initializing extension COMPOSITE
[    37.790] (II) Initializing extension DAMAGE
[    37.791] (II) Initializing extension MIT-SCREEN-SAVER
[    37.792] (II) Initializing extension DOUBLE-BUFFER
[    37.793] (II) Initializing extension RECORD
[    37.794] (II) Initializing extension DPMS
[    37.797] (II) Initializing extension Present
[    37.798] (II) Initializing extension DRI3
[    37.798] (II) Initializing extension X-Resource
[    37.800] (II) Initializing extension XVideo
[    37.800] (II) Initializing extension XVideo-MotionCompensation
[    37.801] (II) Initializing extension SELinux
[    37.801] (II) SELinux: Disabled on system
[    37.802] (II) Initializing extension GLX
[    37.806] (II) AIGLX: Screen 0 is not DRI2 capable
[    38.448] (II) IGLX: Loaded and initialized swrast
[    38.449] (II) GLX: Initialized DRISWRAST GL provider for screen 0
[    38.449] (II) Initializing extension XFree86-VidModeExtension
[    38.450] (II) Initializing extension XFree86-DGA
[    38.453] (II) Initializing extension XFree86-DRI
[    38.496] (II) Initializing extension DRI2
[    38.513] (II) vmware(0): Setting screen physical size to 211 x 158
[    39.341] (II) config/udev: Adding input device Power Button (/dev/input/event0)
[    39.342] (**) Power Button: Applying InputClass "libinput keyboard catchall"
[    39.342] (II) LoadModule: "libinput"
[    39.343] (II) Loading /usr/lib/xorg/modules/input/libinput_drv.so
[    39.406] (II) Module libinput: vendor="X.Org Foundation"
[    39.406] 	compiled for 1.20.1, module version = 0.28.1
[    39.406] 	Module class: X.Org XInput Driver
[    39.406] 	ABI class: X.Org XInput driver, version 24.1
[    39.407] (II) Using input driver 'libinput' for 'Power Button'
[    39.415] (II) systemd-logind: got fd for /dev/input/event0 13:64 fd 20 paused 0
[    39.415] (**) Power Button: always reports core events
[    39.415] (**) Option "Device" "/dev/input/event0"
[    39.416] (**) Option "_source" "server/udev"
[    39.422] (II) event0  - Power Button: is tagged by udev as: Keyboard
[    39.422] (II) event0  - Power Button: device is a keyboard
[    39.423] (II) event0  - Power Button: device removed
[    39.423] (**) Option "config_info" "udev:/sys/devices/LNXSYSTM:00/LNXPWRBN:00/input/input0/event0"
[    39.424] (II) XINPUT: Adding extended input device "Power Button" (type: KEYBOARD, id 6)
[    39.424] (**) Option "xkb_model" "pc105"
[    39.424] (**) Option "xkb_layout" "us"
[    39.435] (II) event0  - Power Button: is tagged by udev as: Keyboard
[    39.435] (II) event0  - Power Button: device is a keyboard
[    39.437] (II) config/udev: Adding input device Sleep Button (/dev/input/event1)
[    39.438] (**) Sleep Button: Applying InputClass "libinput keyboard catchall"
[    39.438] (II) Using input driver 'libinput' for 'Sleep Button'
[    39.445] (II) systemd-logind: got fd for /dev/input/event1 13:65 fd 23 paused 0
[    39.446] (**) Sleep Button: always reports core events
[    39.446] (**) Option "Device" "/dev/input/event1"
[    39.448] (**) Option "_source" "server/udev"
[    39.454] (II) event1  - Sleep Button: is tagged by udev as: Keyboard
[    39.454] (II) event1  - Sleep Button: device is a keyboard
[    39.455] (II) event1  - Sleep Button: device removed
[    39.455] (**) Option "config_info" "udev:/sys/devices/LNXSYSTM:00/LNXSLPBN:00/input/input1/event1"
[    39.455] (II) XINPUT: Adding extended input device "Sleep Button" (type: KEYBOARD, id 7)
[    39.455] (**) Option "xkb_model" "pc105"
[    39.456] (**) Option "xkb_layout" "us"
[    39.458] (II) event1  - Sleep Button: is tagged by udev as: Keyboard
[    39.459] (II) event1  - Sleep Button: device is a keyboard
[    39.465] (II) config/udev: Adding input device Video Bus (/dev/input/event3)
[    39.466] (**) Video Bus: Applying InputClass "libinput keyboard catchall"
[    39.466] (II) Using input driver 'libinput' for 'Video Bus'
[    39.472] (II) systemd-logind: got fd for /dev/input/event3 13:67 fd 24 paused 0
[    39.473] (**) Video Bus: always reports core events
[    39.473] (**) Option "Device" "/dev/input/event3"
[    39.475] (**) Option "_source" "server/udev"
[    39.476] (II) event3  - Video Bus: is tagged by udev as: Keyboard
[    39.477] (II) event3  - Video Bus: device is a keyboard
[    39.477] (II) event3  - Video Bus: device removed
[    39.478] (**) Option "config_info" "udev:/sys/devices/LNXSYSTM:00/LNXSYBUS:00/PNP0A03:00/LNXVIDEO:00/input/input4/event3"
[    39.478] (II) XINPUT: Adding extended input device "Video Bus" (type: KEYBOARD, id 8)
[    39.478] (**) Option "xkb_model" "pc105"
[    39.479] (**) Option "xkb_layout" "us"
[    39.487] (II) event3  - Video Bus: is tagged by udev as: Keyboard
[    39.487] (II) event3  - Video Bus: device is a keyboard
[    39.490] (II) config/udev: Adding input device VirtualBox mouse integration (/dev/input/event6)
[    39.490] (**) VirtualBox mouse integration: Applying InputClass "libinput pointer catchall"
[    39.491] (II) Using input driver 'libinput' for 'VirtualBox mouse integration'
[    39.498] (II) systemd-logind: got fd for /dev/input/event6 13:70 fd 25 paused 0
[    39.498] (**) VirtualBox mouse integration: always reports core events
[    39.498] (**) Option "Device" "/dev/input/event6"
[    39.499] (**) Option "_source" "server/udev"
[    39.505] (II) event6  - VirtualBox mouse integration: is tagged by udev as: Mouse
[    39.506] (II) event6  - VirtualBox mouse integration: device is a pointer
[    39.506] (II) event6  - VirtualBox mouse integration: device removed
[    39.506] (**) Option "config_info" "udev:/sys/devices/pci0000:00/0000:00:04.0/input/input7/event6"
[    39.507] (II) XINPUT: Adding extended input device "VirtualBox mouse integration" (type: MOUSE, id 9)
[    39.507] (**) Option "AccelerationScheme" "none"
[    39.508] (**) VirtualBox mouse integration: (accel) selected scheme none/0
[    39.508] (**) VirtualBox mouse integration: (accel) acceleration factor: 2.000
[    39.508] (**) VirtualBox mouse integration: (accel) acceleration threshold: 4
[    39.510] (II) event6  - VirtualBox mouse integration: is tagged by udev as: Mouse
[    39.510] (II) event6  - VirtualBox mouse integration: device is a pointer
[    39.513] (II) config/udev: Adding input device VirtualBox mouse integration (/dev/input/js1)
[    39.514] (II) No input driver specified, ignoring this device.
[    39.514] (II) This device may have been added with another device file.
[    39.521] (II) config/udev: Adding input device VirtualBox USB Tablet (/dev/input/event5)
[    39.522] (**) VirtualBox USB Tablet: Applying InputClass "libinput pointer catchall"
[    39.522] (II) Using input driver 'libinput' for 'VirtualBox USB Tablet'
[    39.592] (II) systemd-logind: got fd for /dev/input/event5 13:69 fd 26 paused 0
[    39.592] (**) VirtualBox USB Tablet: always reports core events
[    39.592] (**) Option "Device" "/dev/input/event5"
[    39.592] (**) Option "_source" "server/udev"
[    39.594] (II) event5  - VirtualBox USB Tablet: is tagged by udev as: Mouse
[    39.594] (II) event5  - VirtualBox USB Tablet: device is a pointer
[    39.594] (II) event5  - VirtualBox USB Tablet: device removed
[    39.594] (**) Option "config_info" "udev:/sys/devices/pci0000:00/0000:00:06.0/usb1/1-1/1-1:1.0/0003:80EE:0021.0001/input/input6/event5"
[    39.594] (II) XINPUT: Adding extended input device "VirtualBox USB Tablet" (type: MOUSE, id 10)
[    39.595] (**) Option "AccelerationScheme" "none"
[    39.595] (**) VirtualBox USB Tablet: (accel) selected scheme none/0
[    39.595] (**) VirtualBox USB Tablet: (accel) acceleration factor: 2.000
[    39.595] (**) VirtualBox USB Tablet: (accel) acceleration threshold: 4
[    39.605] (II) event5  - VirtualBox USB Tablet: is tagged by udev as: Mouse
[    39.605] (II) event5  - VirtualBox USB Tablet: device is a pointer
[    39.607] (II) config/udev: Adding input device VirtualBox USB Tablet (/dev/input/js0)
[    39.608] (II) No input driver specified, ignoring this device.
[    39.608] (II) This device may have been added with another device file.
[    39.610] (II) config/udev: Adding input device VirtualBox USB Tablet (/dev/input/mouse1)
[    39.611] (II) No input driver specified, ignoring this device.
[    39.611] (II) This device may have been added with another device file.
[    39.613] (II) config/udev: Adding input device AT Translated Set 2 keyboard (/dev/input/event2)
[    39.613] (**) AT Translated Set 2 keyboard: Applying InputClass "libinput keyboard catchall"
[    39.614] (II) Using input driver 'libinput' for 'AT Translated Set 2 keyboard'
[    39.622] (II) systemd-logind: got fd for /dev/input/event2 13:66 fd 27 paused 0
[    39.622] (**) AT Translated Set 2 keyboard: always reports core events
[    39.622] (**) Option "Device" "/dev/input/event2"
[    39.622] (**) Option "_source" "server/udev"
[    39.629] (II) event2  - AT Translated Set 2 keyboard: is tagged by udev as: Keyboard
[    39.629] (II) event2  - AT Translated Set 2 keyboard: device is a keyboard
[    39.630] (II) event2  - AT Translated Set 2 keyboard: device removed
[    39.630] (**) Option "config_info" "udev:/sys/devices/platform/i8042/serio0/input/input2/event2"
[    39.631] (II) XINPUT: Adding extended input device "AT Translated Set 2 keyboard" (type: KEYBOARD, id 11)
[    39.631] (**) Option "xkb_model" "pc105"
[    39.631] (**) Option "xkb_layout" "us"
[    39.634] (II) event2  - AT Translated Set 2 keyboard: is tagged by udev as: Keyboard
[    39.635] (II) event2  - AT Translated Set 2 keyboard: device is a keyboard
[    39.638] (II) config/udev: Adding input device ImExPS/2 Generic Explorer Mouse (/dev/input/event4)
[    39.638] (**) ImExPS/2 Generic Explorer Mouse: Applying InputClass "libinput pointer catchall"
[    39.638] (II) Using input driver 'libinput' for 'ImExPS/2 Generic Explorer Mouse'
[    39.645] (II) systemd-logind: got fd for /dev/input/event4 13:68 fd 28 paused 0
[    39.646] (**) ImExPS/2 Generic Explorer Mouse: always reports core events
[    39.646] (**) Option "Device" "/dev/input/event4"
[    39.650] (**) Option "_source" "server/udev"
[    39.652] (II) event4  - ImExPS/2 Generic Explorer Mouse: is tagged by udev as: Mouse
[    39.652] (II) event4  - ImExPS/2 Generic Explorer Mouse: device is a pointer
[    39.652] (II) event4  - ImExPS/2 Generic Explorer Mouse: device removed
[    39.653] (**) Option "config_info" "udev:/sys/devices/platform/i8042/serio1/input/input5/event4"
[    39.654] (II) XINPUT: Adding extended input device "ImExPS/2 Generic Explorer Mouse" (type: MOUSE, id 12)
[    39.654] (**) Option "AccelerationScheme" "none"
[    39.655] (**) ImExPS/2 Generic Explorer Mouse: (accel) selected scheme none/0
[    39.655] (**) ImExPS/2 Generic Explorer Mouse: (accel) acceleration factor: 2.000
[    39.655] (**) ImExPS/2 Generic Explorer Mouse: (accel) acceleration threshold: 4
[    39.662] (II) event4  - ImExPS/2 Generic Explorer Mouse: is tagged by udev as: Mouse
[    39.662] (II) event4  - ImExPS/2 Generic Explorer Mouse: device is a pointer
[    39.664] (II) config/udev: Adding input device ImExPS/2 Generic Explorer Mouse (/dev/input/mouse0)
[    39.664] (II) No input driver specified, ignoring this device.
[    39.664] (II) This device may have been added with another device file.
