NOTE: Picked up JDK_JAVA_OPTIONS:  --add-opens=java.base/java.lang=ALL-UNNAMED --add-opens=java.base/java.io=ALL-UNNAMED --add-opens=java.rmi/sun.rmi.transport=ALL-UNNAMED
Aug 04, 2020 4:46:41 PM org.apache.catalina.startup.VersionLoggerListener log
INFO: Server version name:   Apache Tomcat/7.0.105
Aug 04, 2020 4:46:41 PM org.apache.catalina.startup.VersionLoggerListener log
INFO: Server built:          Jul 2 2020 12:25:26 UTC
Aug 04, 2020 4:46:41 PM org.apache.catalina.startup.VersionLoggerListener log
INFO: Server version number: 7.0.105.0
Aug 04, 2020 4:46:41 PM org.apache.catalina.startup.VersionLoggerListener log
INFO: OS Name:               Linux
Aug 04, 2020 4:46:41 PM org.apache.catalina.startup.VersionLoggerListener log
INFO: OS Version:            5.3.0-28-generic
Aug 04, 2020 4:46:41 PM org.apache.catalina.startup.VersionLoggerListener log
INFO: Architecture:          amd64
Aug 04, 2020 4:46:41 PM org.apache.catalina.startup.VersionLoggerListener log
INFO: Java Home:             /usr/lib/jvm/java-11-openjdk-amd64
Aug 04, 2020 4:46:41 PM org.apache.catalina.startup.VersionLoggerListener log
INFO: JVM Version:           11.0.7+10-post-Ubuntu-2ubuntu218.04
Aug 04, 2020 4:46:41 PM org.apache.catalina.startup.VersionLoggerListener log
INFO: JVM Vendor:            Ubuntu
Aug 04, 2020 4:46:41 PM org.apache.catalina.startup.VersionLoggerListener log
INFO: CATALINA_BASE:         /home/santhosh/apache-tomcat-7.0.105
Aug 04, 2020 4:46:41 PM org.apache.catalina.startup.VersionLoggerListener log
INFO: CATALINA_HOME:         /home/santhosh/apache-tomcat-7.0.105
Aug 04, 2020 4:46:41 PM org.apache.catalina.startup.VersionLoggerListener log
INFO: Command line argument: --add-opens=java.base/java.lang=ALL-UNNAMED
Aug 04, 2020 4:46:41 PM org.apache.catalina.startup.VersionLoggerListener log
INFO: Command line argument: --add-opens=java.base/java.io=ALL-UNNAMED
Aug 04, 2020 4:46:41 PM org.apache.catalina.startup.VersionLoggerListener log
INFO: Command line argument: --add-opens=java.rmi/sun.rmi.transport=ALL-UNNAMED
Aug 04, 2020 4:46:41 PM org.apache.catalina.startup.VersionLoggerListener log
INFO: Command line argument: -Djava.util.logging.config.file=/home/santhosh/apache-tomcat-7.0.105/conf/logging.properties
Aug 04, 2020 4:46:41 PM org.apache.catalina.startup.VersionLoggerListener log
INFO: Command line argument: -Djava.util.logging.manager=org.apache.juli.ClassLoaderLogManager
Aug 04, 2020 4:46:41 PM org.apache.catalina.startup.VersionLoggerListener log
INFO: Command line argument: -Djdk.tls.ephemeralDHKeySize=2048
Aug 04, 2020 4:46:41 PM org.apache.catalina.startup.VersionLoggerListener log
INFO: Command line argument: -Dorg.apache.catalina.security.SecurityListener.UMASK=0027
Aug 04, 2020 4:46:41 PM org.apache.catalina.startup.VersionLoggerListener log
INFO: Command line argument: -Dignore.endorsed.dirs=
Aug 04, 2020 4:46:41 PM org.apache.catalina.startup.VersionLoggerListener log
INFO: Command line argument: -Dcatalina.base=/home/santhosh/apache-tomcat-7.0.105
Aug 04, 2020 4:46:41 PM org.apache.catalina.startup.VersionLoggerListener log
INFO: Command line argument: -Dcatalina.home=/home/santhosh/apache-tomcat-7.0.105
Aug 04, 2020 4:46:41 PM org.apache.catalina.startup.VersionLoggerListener log
INFO: Command line argument: -Djava.io.tmpdir=/home/santhosh/apache-tomcat-7.0.105/temp
Aug 04, 2020 4:46:41 PM org.apache.catalina.core.AprLifecycleListener lifecycleEvent
INFO: The Apache Tomcat Native library which allows using OpenSSL was not found on the java.library.path: [/usr/java/packages/lib:/usr/lib/x86_64-linux-gnu/jni:/lib/x86_64-linux-gnu:/usr/lib/x86_64-linux-gnu:/usr/lib/jni:/lib:/usr/lib]
Aug 04, 2020 4:46:42 PM org.apache.coyote.AbstractProtocol init
INFO: Initializing ProtocolHandler ["http-bio-8080"]
Aug 04, 2020 4:46:42 PM org.apache.catalina.startup.Catalina load
INFO: Initialization processed in 8632 ms
Aug 04, 2020 4:46:42 PM org.apache.catalina.core.StandardService startInternal
INFO: Starting service [Catalina]
Aug 04, 2020 4:46:42 PM org.apache.catalina.core.StandardEngine startInternal
INFO: Starting Servlet Engine: Apache Tomcat/7.0.105
Aug 04, 2020 4:46:42 PM org.apache.catalina.startup.HostConfig deployDirectory
INFO: Deploying web application directory [/home/santhosh/apache-tomcat-7.0.105/webapps/docs]
Aug 04, 2020 4:46:46 PM org.apache.catalina.util.SessionIdGeneratorBase createSecureRandom
WARNING: Creation of SecureRandom instance for session ID generation using [SHA1PRNG] took [217] milliseconds.
Aug 04, 2020 4:46:46 PM org.apache.catalina.startup.HostConfig deployDirectory
INFO: Deployment of web application directory [/home/santhosh/apache-tomcat-7.0.105/webapps/docs] has finished in [3,408] ms
Aug 04, 2020 4:46:46 PM org.apache.catalina.startup.HostConfig deployDirectory
INFO: Deploying web application directory [/home/santhosh/apache-tomcat-7.0.105/webapps/examples]
Aug 04, 2020 4:46:48 PM org.apache.catalina.startup.HostConfig deployDirectory
INFO: Deployment of web application directory [/home/santhosh/apache-tomcat-7.0.105/webapps/examples] has finished in [1,855] ms
Aug 04, 2020 4:46:48 PM org.apache.catalina.startup.HostConfig deployDirectory
INFO: Deploying web application directory [/home/santhosh/apache-tomcat-7.0.105/webapps/manager]
Aug 04, 2020 4:46:48 PM org.apache.catalina.startup.HostConfig deployDirectory
INFO: Deployment of web application directory [/home/santhosh/apache-tomcat-7.0.105/webapps/manager] has finished in [474] ms
Aug 04, 2020 4:46:48 PM org.apache.catalina.startup.HostConfig deployDirectory
INFO: Deploying web application directory [/home/santhosh/apache-tomcat-7.0.105/webapps/host-manager]
Aug 04, 2020 4:46:49 PM org.apache.catalina.startup.HostConfig deployDirectory
INFO: Deployment of web application directory [/home/santhosh/apache-tomcat-7.0.105/webapps/host-manager] has finished in [341] ms
Aug 04, 2020 4:46:49 PM org.apache.catalina.startup.HostConfig deployDirectory
INFO: Deploying web application directory [/home/santhosh/apache-tomcat-7.0.105/webapps/ROOT]
Aug 04, 2020 4:46:49 PM org.apache.catalina.startup.HostConfig deployDirectory
INFO: Deployment of web application directory [/home/santhosh/apache-tomcat-7.0.105/webapps/ROOT] has finished in [308] ms
Aug 04, 2020 4:46:49 PM org.apache.coyote.AbstractProtocol start
INFO: Starting ProtocolHandler ["http-bio-8080"]
Aug 04, 2020 4:46:49 PM org.apache.catalina.startup.Catalina start
INFO: Server startup in 7144 ms
NOTE: Picked up JDK_JAVA_OPTIONS:  --add-opens=java.base/java.lang=ALL-UNNAMED --add-opens=java.base/java.io=ALL-UNNAMED --add-opens=java.rmi/sun.rmi.transport=ALL-UNNAMED
Aug 04, 2020 4:51:53 PM org.apache.catalina.startup.VersionLoggerListener log
INFO: Server version name:   Apache Tomcat/7.0.105
Aug 04, 2020 4:51:53 PM org.apache.catalina.startup.VersionLoggerListener log
INFO: Server built:          Jul 2 2020 12:25:26 UTC
Aug 04, 2020 4:51:53 PM org.apache.catalina.startup.VersionLoggerListener log
INFO: Server version number: 7.0.105.0
Aug 04, 2020 4:51:53 PM org.apache.catalina.startup.VersionLoggerListener log
INFO: OS Name:               Linux
Aug 04, 2020 4:51:53 PM org.apache.catalina.startup.VersionLoggerListener log
INFO: OS Version:            5.3.0-28-generic
Aug 04, 2020 4:51:53 PM org.apache.catalina.startup.VersionLoggerListener log
INFO: Architecture:          amd64
Aug 04, 2020 4:51:53 PM org.apache.catalina.startup.VersionLoggerListener log
INFO: Java Home:             /usr/lib/jvm/java-11-openjdk-amd64
Aug 04, 2020 4:51:53 PM org.apache.catalina.startup.VersionLoggerListener log
INFO: JVM Version:           11.0.7+10-post-Ubuntu-2ubuntu218.04
Aug 04, 2020 4:51:53 PM org.apache.catalina.startup.VersionLoggerListener log
INFO: JVM Vendor:            Ubuntu
Aug 04, 2020 4:51:53 PM org.apache.catalina.startup.VersionLoggerListener log
INFO: CATALINA_BASE:         /home/santhosh/apache-tomcat-7.0.105
Aug 04, 2020 4:51:53 PM org.apache.catalina.startup.VersionLoggerListener log
INFO: CATALINA_HOME:         /home/santhosh/apache-tomcat-7.0.105
Aug 04, 2020 4:51:53 PM org.apache.catalina.startup.VersionLoggerListener log
INFO: Command line argument: --add-opens=java.base/java.lang=ALL-UNNAMED
Aug 04, 2020 4:51:53 PM org.apache.catalina.startup.VersionLoggerListener log
INFO: Command line argument: --add-opens=java.base/java.io=ALL-UNNAMED
Aug 04, 2020 4:51:53 PM org.apache.catalina.startup.VersionLoggerListener log
INFO: Command line argument: --add-opens=java.rmi/sun.rmi.transport=ALL-UNNAMED
Aug 04, 2020 4:51:53 PM org.apache.catalina.startup.VersionLoggerListener log
INFO: Command line argument: -Djava.util.logging.config.file=/home/santhosh/apache-tomcat-7.0.105/conf/logging.properties
Aug 04, 2020 4:51:53 PM org.apache.catalina.startup.VersionLoggerListener log
INFO: Command line argument: -Djava.util.logging.manager=org.apache.juli.ClassLoaderLogManager
Aug 04, 2020 4:51:53 PM org.apache.catalina.startup.VersionLoggerListener log
INFO: Command line argument: -Djdk.tls.ephemeralDHKeySize=2048
Aug 04, 2020 4:51:53 PM org.apache.catalina.startup.VersionLoggerListener log
INFO: Command line argument: -Dorg.apache.catalina.security.SecurityListener.UMASK=0027
Aug 04, 2020 4:51:53 PM org.apache.catalina.startup.VersionLoggerListener log
INFO: Command line argument: -Dignore.endorsed.dirs=
Aug 04, 2020 4:51:53 PM org.apache.catalina.startup.VersionLoggerListener log
INFO: Command line argument: -Dcatalina.base=/home/santhosh/apache-tomcat-7.0.105
Aug 04, 2020 4:51:53 PM org.apache.catalina.startup.VersionLoggerListener log
INFO: Command line argument: -Dcatalina.home=/home/santhosh/apache-tomcat-7.0.105
Aug 04, 2020 4:51:53 PM org.apache.catalina.startup.VersionLoggerListener log
INFO: Command line argument: -Djava.io.tmpdir=/home/santhosh/apache-tomcat-7.0.105/temp
Aug 04, 2020 4:51:53 PM org.apache.catalina.core.AprLifecycleListener lifecycleEvent
INFO: The Apache Tomcat Native library which allows using OpenSSL was not found on the java.library.path: [/usr/java/packages/lib:/usr/lib/x86_64-linux-gnu/jni:/lib/x86_64-linux-gnu:/usr/lib/x86_64-linux-gnu:/usr/lib/jni:/lib:/usr/lib]
Aug 04, 2020 4:51:54 PM org.apache.coyote.AbstractProtocol init
INFO: Initializing ProtocolHandler ["http-bio-8080"]
Aug 04, 2020 4:51:54 PM org.apache.coyote.AbstractProtocol init
SEVERE: Failed to initialize end point associated with ProtocolHandler ["http-bio-8080"]
java.net.BindException: Address already in use (Bind failed) <null>:8080
	at org.apache.tomcat.util.net.JIoEndpoint.bind(JIoEndpoint.java:414)
	at org.apache.tomcat.util.net.AbstractEndpoint.init(AbstractEndpoint.java:750)
	at org.apache.coyote.AbstractProtocol.init(AbstractProtocol.java:467)
	at org.apache.coyote.http11.AbstractHttp11JsseProtocol.init(AbstractHttp11JsseProtocol.java:119)
	at org.apache.catalina.connector.Connector.initInternal(Connector.java:1030)
	at org.apache.catalina.util.LifecycleBase.init(LifecycleBase.java:136)
	at org.apache.catalina.core.StandardService.initInternal(StandardService.java:560)
	at org.apache.catalina.util.LifecycleBase.init(LifecycleBase.java:136)
	at org.apache.catalina.core.StandardServer.initInternal(StandardServer.java:826)
	at org.apache.catalina.util.LifecycleBase.init(LifecycleBase.java:136)
	at org.apache.catalina.startup.Catalina.load(Catalina.java:663)
	at org.apache.catalina.startup.Catalina.load(Catalina.java:686)
	at java.base/jdk.internal.reflect.NativeMethodAccessorImpl.invoke0(Native Method)
	at java.base/jdk.internal.reflect.NativeMethodAccessorImpl.invoke(NativeMethodAccessorImpl.java:62)
	at java.base/jdk.internal.reflect.DelegatingMethodAccessorImpl.invoke(DelegatingMethodAccessorImpl.java:43)
	at java.base/java.lang.reflect.Method.invoke(Method.java:566)
	at org.apache.catalina.startup.Bootstrap.load(Bootstrap.java:244)
	at org.apache.catalina.startup.Bootstrap.main(Bootstrap.java:414)
Caused by: java.net.BindException: Address already in use (Bind failed)
	at java.base/java.net.PlainSocketImpl.socketBind(Native Method)
	at java.base/java.net.AbstractPlainSocketImpl.bind(AbstractPlainSocketImpl.java:436)
	at java.base/java.net.ServerSocket.bind(ServerSocket.java:395)
	at java.base/java.net.ServerSocket.<init>(ServerSocket.java:257)
	at java.base/java.net.ServerSocket.<init>(ServerSocket.java:201)
	at org.apache.tomcat.util.net.DefaultServerSocketFactory.createSocket(DefaultServerSocketFactory.java:49)
	at org.apache.tomcat.util.net.JIoEndpoint.bind(JIoEndpoint.java:401)
	... 17 more

Aug 04, 2020 4:51:54 PM org.apache.catalina.core.StandardService initInternal
SEVERE: Failed to initialize connector [Connector[HTTP/1.1-8080]]
org.apache.catalina.LifecycleException: Protocol handler initialization failed
	at org.apache.catalina.connector.Connector.initInternal(Connector.java:1032)
	at org.apache.catalina.util.LifecycleBase.init(LifecycleBase.java:136)
	at org.apache.catalina.core.StandardService.initInternal(StandardService.java:560)
	at org.apache.catalina.util.LifecycleBase.init(LifecycleBase.java:136)
	at org.apache.catalina.core.StandardServer.initInternal(StandardServer.java:826)
	at org.apache.catalina.util.LifecycleBase.init(LifecycleBase.java:136)
	at org.apache.catalina.startup.Catalina.load(Catalina.java:663)
	at org.apache.catalina.startup.Catalina.load(Catalina.java:686)
	at java.base/jdk.internal.reflect.NativeMethodAccessorImpl.invoke0(Native Method)
	at java.base/jdk.internal.reflect.NativeMethodAccessorImpl.invoke(NativeMethodAccessorImpl.java:62)
	at java.base/jdk.internal.reflect.DelegatingMethodAccessorImpl.invoke(DelegatingMethodAccessorImpl.java:43)
	at java.base/java.lang.reflect.Method.invoke(Method.java:566)
	at org.apache.catalina.startup.Bootstrap.load(Bootstrap.java:244)
	at org.apache.catalina.startup.Bootstrap.main(Bootstrap.java:414)
Caused by: java.net.BindException: Address already in use (Bind failed) <null>:8080
	at org.apache.tomcat.util.net.JIoEndpoint.bind(JIoEndpoint.java:414)
	at org.apache.tomcat.util.net.AbstractEndpoint.init(AbstractEndpoint.java:750)
	at org.apache.coyote.AbstractProtocol.init(AbstractProtocol.java:467)
	at org.apache.coyote.http11.AbstractHttp11JsseProtocol.init(AbstractHttp11JsseProtocol.java:119)
	at org.apache.catalina.connector.Connector.initInternal(Connector.java:1030)
	... 13 more
Caused by: java.net.BindException: Address already in use (Bind failed)
	at java.base/java.net.PlainSocketImpl.socketBind(Native Method)
	at java.base/java.net.AbstractPlainSocketImpl.bind(AbstractPlainSocketImpl.java:436)
	at java.base/java.net.ServerSocket.bind(ServerSocket.java:395)
	at java.base/java.net.ServerSocket.<init>(ServerSocket.java:257)
	at java.base/java.net.ServerSocket.<init>(ServerSocket.java:201)
	at org.apache.tomcat.util.net.DefaultServerSocketFactory.createSocket(DefaultServerSocketFactory.java:49)
	at org.apache.tomcat.util.net.JIoEndpoint.bind(JIoEndpoint.java:401)
	... 17 more

Aug 04, 2020 4:51:54 PM org.apache.catalina.startup.Catalina load
INFO: Initialization processed in 7024 ms
Aug 04, 2020 4:51:55 PM org.apache.catalina.core.StandardService startInternal
INFO: Starting service [Catalina]
Aug 04, 2020 4:51:55 PM org.apache.catalina.core.StandardEngine startInternal
INFO: Starting Servlet Engine: Apache Tomcat/7.0.105
Aug 04, 2020 4:51:55 PM org.apache.catalina.startup.HostConfig deployDirectory
INFO: Deploying web application directory [/home/santhosh/apache-tomcat-7.0.105/webapps/docs]
Aug 04, 2020 4:51:57 PM org.apache.catalina.startup.HostConfig deployDirectory
INFO: Deployment of web application directory [/home/santhosh/apache-tomcat-7.0.105/webapps/docs] has finished in [2,619] ms
Aug 04, 2020 4:51:57 PM org.apache.catalina.startup.HostConfig deployDirectory
INFO: Deploying web application directory [/home/santhosh/apache-tomcat-7.0.105/webapps/examples]
Aug 04, 2020 4:51:59 PM org.apache.catalina.startup.HostConfig deployDirectory
INFO: Deployment of web application directory [/home/santhosh/apache-tomcat-7.0.105/webapps/examples] has finished in [1,762] ms
Aug 04, 2020 4:51:59 PM org.apache.catalina.startup.HostConfig deployDirectory
INFO: Deploying web application directory [/home/santhosh/apache-tomcat-7.0.105/webapps/manager]
Aug 04, 2020 4:52:00 PM org.apache.catalina.startup.HostConfig deployDirectory
INFO: Deployment of web application directory [/home/santhosh/apache-tomcat-7.0.105/webapps/manager] has finished in [478] ms
Aug 04, 2020 4:52:00 PM org.apache.catalina.startup.HostConfig deployDirectory
INFO: Deploying web application directory [/home/santhosh/apache-tomcat-7.0.105/webapps/host-manager]
Aug 04, 2020 4:52:00 PM org.apache.catalina.startup.HostConfig deployDirectory
INFO: Deployment of web application directory [/home/santhosh/apache-tomcat-7.0.105/webapps/host-manager] has finished in [418] ms
Aug 04, 2020 4:52:00 PM org.apache.catalina.startup.HostConfig deployDirectory
INFO: Deploying web application directory [/home/santhosh/apache-tomcat-7.0.105/webapps/ROOT]
Aug 04, 2020 4:52:00 PM org.apache.catalina.startup.HostConfig deployDirectory
INFO: Deployment of web application directory [/home/santhosh/apache-tomcat-7.0.105/webapps/ROOT] has finished in [430] ms
Aug 04, 2020 4:52:00 PM org.apache.catalina.startup.Catalina start
INFO: Server startup in 6469 ms
Aug 04, 2020 4:52:00 PM org.apache.catalina.core.StandardServer await
SEVERE: StandardServer.await: create[localhost:8005]: 
java.net.BindException: Address already in use (Bind failed)
	at java.base/java.net.PlainSocketImpl.socketBind(Native Method)
	at java.base/java.net.AbstractPlainSocketImpl.bind(AbstractPlainSocketImpl.java:436)
	at java.base/java.net.ServerSocket.bind(ServerSocket.java:395)
	at java.base/java.net.ServerSocket.<init>(ServerSocket.java:257)
	at org.apache.catalina.core.StandardServer.await(StandardServer.java:428)
	at org.apache.catalina.startup.Catalina.await(Catalina.java:800)
	at org.apache.catalina.startup.Catalina.start(Catalina.java:746)
	at java.base/jdk.internal.reflect.NativeMethodAccessorImpl.invoke0(Native Method)
	at java.base/jdk.internal.reflect.NativeMethodAccessorImpl.invoke(NativeMethodAccessorImpl.java:62)
	at java.base/jdk.internal.reflect.DelegatingMethodAccessorImpl.invoke(DelegatingMethodAccessorImpl.java:43)
	at java.base/java.lang.reflect.Method.invoke(Method.java:566)
	at org.apache.catalina.startup.Bootstrap.start(Bootstrap.java:284)
	at org.apache.catalina.startup.Bootstrap.main(Bootstrap.java:415)

Aug 04, 2020 4:52:00 PM org.apache.coyote.AbstractProtocol pause
INFO: Pausing ProtocolHandler ["http-bio-8080"]
Aug 04, 2020 4:52:00 PM org.apache.catalina.core.StandardService stopInternal
INFO: Stopping service [Catalina]
Aug 04, 2020 4:52:01 PM org.apache.coyote.AbstractProtocol stop
INFO: Stopping ProtocolHandler ["http-bio-8080"]
Aug 04, 2020 4:52:01 PM org.apache.coyote.AbstractProtocol destroy
INFO: Destroying ProtocolHandler ["http-bio-8080"]
Aug 04, 2020 4:58:22 PM org.apache.catalina.core.StandardServer await
INFO: A valid shutdown command was received via the shutdown port. Stopping the Server instance.
Aug 04, 2020 4:58:22 PM org.apache.coyote.AbstractProtocol pause
INFO: Pausing ProtocolHandler ["http-bio-8080"]
Aug 04, 2020 4:58:22 PM org.apache.catalina.core.StandardService stopInternal
INFO: Stopping service [Catalina]
Aug 04, 2020 4:58:23 PM org.apache.coyote.AbstractProtocol stop
INFO: Stopping ProtocolHandler ["http-bio-8080"]
Aug 04, 2020 4:58:23 PM org.apache.coyote.AbstractProtocol destroy
INFO: Destroying ProtocolHandler ["http-bio-8080"]
NOTE: Picked up JDK_JAVA_OPTIONS:  --add-opens=java.base/java.lang=ALL-UNNAMED --add-opens=java.base/java.io=ALL-UNNAMED --add-opens=java.rmi/sun.rmi.transport=ALL-UNNAMED
Aug 04, 2020 4:59:30 PM org.apache.catalina.startup.VersionLoggerListener log
INFO: Server version name:   Apache Tomcat/7.0.105
Aug 04, 2020 4:59:30 PM org.apache.catalina.startup.VersionLoggerListener log
INFO: Server built:          Jul 2 2020 12:25:26 UTC
Aug 04, 2020 4:59:30 PM org.apache.catalina.startup.VersionLoggerListener log
INFO: Server version number: 7.0.105.0
Aug 04, 2020 4:59:30 PM org.apache.catalina.startup.VersionLoggerListener log
INFO: OS Name:               Linux
Aug 04, 2020 4:59:30 PM org.apache.catalina.startup.VersionLoggerListener log
INFO: OS Version:            5.3.0-28-generic
Aug 04, 2020 4:59:30 PM org.apache.catalina.startup.VersionLoggerListener log
INFO: Architecture:          amd64
Aug 04, 2020 4:59:30 PM org.apache.catalina.startup.VersionLoggerListener log
INFO: Java Home:             /usr/lib/jvm/java-11-openjdk-amd64
Aug 04, 2020 4:59:30 PM org.apache.catalina.startup.VersionLoggerListener log
INFO: JVM Version:           11.0.7+10-post-Ubuntu-2ubuntu218.04
Aug 04, 2020 4:59:30 PM org.apache.catalina.startup.VersionLoggerListener log
INFO: JVM Vendor:            Ubuntu
Aug 04, 2020 4:59:30 PM org.apache.catalina.startup.VersionLoggerListener log
INFO: CATALINA_BASE:         /home/santhosh/apache-tomcat-7.0.105
Aug 04, 2020 4:59:30 PM org.apache.catalina.startup.VersionLoggerListener log
INFO: CATALINA_HOME:         /home/santhosh/apache-tomcat-7.0.105
Aug 04, 2020 4:59:30 PM org.apache.catalina.startup.VersionLoggerListener log
INFO: Command line argument: --add-opens=java.base/java.lang=ALL-UNNAMED
Aug 04, 2020 4:59:30 PM org.apache.catalina.startup.VersionLoggerListener log
INFO: Command line argument: --add-opens=java.base/java.io=ALL-UNNAMED
Aug 04, 2020 4:59:30 PM org.apache.catalina.startup.VersionLoggerListener log
INFO: Command line argument: --add-opens=java.rmi/sun.rmi.transport=ALL-UNNAMED
Aug 04, 2020 4:59:30 PM org.apache.catalina.startup.VersionLoggerListener log
INFO: Command line argument: -Djava.util.logging.config.file=/home/santhosh/apache-tomcat-7.0.105/conf/logging.properties
Aug 04, 2020 4:59:30 PM org.apache.catalina.startup.VersionLoggerListener log
INFO: Command line argument: -Djava.util.logging.manager=org.apache.juli.ClassLoaderLogManager
Aug 04, 2020 4:59:30 PM org.apache.catalina.startup.VersionLoggerListener log
INFO: Command line argument: -Djdk.tls.ephemeralDHKeySize=2048
Aug 04, 2020 4:59:30 PM org.apache.catalina.startup.VersionLoggerListener log
INFO: Command line argument: -Dorg.apache.catalina.security.SecurityListener.UMASK=0027
Aug 04, 2020 4:59:30 PM org.apache.catalina.startup.VersionLoggerListener log
INFO: Command line argument: -Dignore.endorsed.dirs=
Aug 04, 2020 4:59:30 PM org.apache.catalina.startup.VersionLoggerListener log
INFO: Command line argument: -Dcatalina.base=/home/santhosh/apache-tomcat-7.0.105
Aug 04, 2020 4:59:30 PM org.apache.catalina.startup.VersionLoggerListener log
INFO: Command line argument: -Dcatalina.home=/home/santhosh/apache-tomcat-7.0.105
Aug 04, 2020 4:59:30 PM org.apache.catalina.startup.VersionLoggerListener log
INFO: Command line argument: -Djava.io.tmpdir=/home/santhosh/apache-tomcat-7.0.105/temp
Aug 04, 2020 4:59:30 PM org.apache.catalina.core.AprLifecycleListener lifecycleEvent
INFO: The Apache Tomcat Native library which allows using OpenSSL was not found on the java.library.path: [/usr/java/packages/lib:/usr/lib/x86_64-linux-gnu/jni:/lib/x86_64-linux-gnu:/usr/lib/x86_64-linux-gnu:/usr/lib/jni:/lib:/usr/lib]
Aug 04, 2020 4:59:31 PM org.apache.coyote.AbstractProtocol init
INFO: Initializing ProtocolHandler ["http-bio-8080"]
Aug 04, 2020 4:59:31 PM org.apache.catalina.startup.Catalina load
INFO: Initialization processed in 6627 ms
Aug 04, 2020 4:59:31 PM org.apache.catalina.core.StandardService startInternal
INFO: Starting service [Catalina]
Aug 04, 2020 4:59:31 PM org.apache.catalina.core.StandardEngine startInternal
INFO: Starting Servlet Engine: Apache Tomcat/7.0.105
Aug 04, 2020 4:59:31 PM org.apache.catalina.startup.HostConfig deployDirectory
INFO: Deploying web application directory [/home/santhosh/apache-tomcat-7.0.105/webapps/docs]
Aug 04, 2020 4:59:34 PM org.apache.catalina.startup.HostConfig deployDirectory
INFO: Deployment of web application directory [/home/santhosh/apache-tomcat-7.0.105/webapps/docs] has finished in [2,687] ms
Aug 04, 2020 4:59:34 PM org.apache.catalina.startup.HostConfig deployDirectory
INFO: Deploying web application directory [/home/santhosh/apache-tomcat-7.0.105/webapps/examples]
Aug 04, 2020 4:59:36 PM org.apache.catalina.startup.HostConfig deployDirectory
INFO: Deployment of web application directory [/home/santhosh/apache-tomcat-7.0.105/webapps/examples] has finished in [1,831] ms
Aug 04, 2020 4:59:36 PM org.apache.catalina.startup.HostConfig deployDirectory
INFO: Deploying web application directory [/home/santhosh/apache-tomcat-7.0.105/webapps/manager]
Aug 04, 2020 4:59:37 PM org.apache.catalina.startup.HostConfig deployDirectory
INFO: Deployment of web application directory [/home/santhosh/apache-tomcat-7.0.105/webapps/manager] has finished in [657] ms
Aug 04, 2020 4:59:37 PM org.apache.catalina.startup.HostConfig deployDirectory
INFO: Deploying web application directory [/home/santhosh/apache-tomcat-7.0.105/webapps/host-manager]
Aug 04, 2020 4:59:37 PM org.apache.catalina.startup.HostConfig deployDirectory
INFO: Deployment of web application directory [/home/santhosh/apache-tomcat-7.0.105/webapps/host-manager] has finished in [522] ms
Aug 04, 2020 4:59:37 PM org.apache.catalina.startup.HostConfig deployDirectory
INFO: Deploying web application directory [/home/santhosh/apache-tomcat-7.0.105/webapps/ROOT]
Aug 04, 2020 4:59:38 PM org.apache.catalina.startup.HostConfig deployDirectory
INFO: Deployment of web application directory [/home/santhosh/apache-tomcat-7.0.105/webapps/ROOT] has finished in [510] ms
Aug 04, 2020 4:59:38 PM org.apache.coyote.AbstractProtocol start
INFO: Starting ProtocolHandler ["http-bio-8080"]
Aug 04, 2020 4:59:38 PM org.apache.catalina.startup.Catalina start
INFO: Server startup in 6930 ms
NOTE: Picked up JDK_JAVA_OPTIONS:  --add-opens=java.base/java.lang=ALL-UNNAMED --add-opens=java.base/java.io=ALL-UNNAMED --add-opens=java.rmi/sun.rmi.transport=ALL-UNNAMED
Aug 11, 2020 1:48:38 PM org.apache.catalina.startup.VersionLoggerListener log
INFO: Server version name:   Apache Tomcat/7.0.105
Aug 11, 2020 1:48:39 PM org.apache.catalina.startup.VersionLoggerListener log
INFO: Server built:          Jul 2 2020 12:25:26 UTC
Aug 11, 2020 1:48:39 PM org.apache.catalina.startup.VersionLoggerListener log
INFO: Server version number: 7.0.105.0
Aug 11, 2020 1:48:39 PM org.apache.catalina.startup.VersionLoggerListener log
INFO: OS Name:               Linux
Aug 11, 2020 1:48:39 PM org.apache.catalina.startup.VersionLoggerListener log
INFO: OS Version:            5.3.0-28-generic
Aug 11, 2020 1:48:39 PM org.apache.catalina.startup.VersionLoggerListener log
INFO: Architecture:          amd64
Aug 11, 2020 1:48:39 PM org.apache.catalina.startup.VersionLoggerListener log
INFO: Java Home:             /usr/lib/jvm/java-11-openjdk-amd64
Aug 11, 2020 1:48:39 PM org.apache.catalina.startup.VersionLoggerListener log
INFO: JVM Version:           11.0.7+10-post-Ubuntu-2ubuntu218.04
Aug 11, 2020 1:48:39 PM org.apache.catalina.startup.VersionLoggerListener log
INFO: JVM Vendor:            Ubuntu
Aug 11, 2020 1:48:39 PM org.apache.catalina.startup.VersionLoggerListener log
INFO: CATALINA_BASE:         /home/santhosh/apache-tomcat-7.0.105
Aug 11, 2020 1:48:39 PM org.apache.catalina.startup.VersionLoggerListener log
INFO: CATALINA_HOME:         /home/santhosh/apache-tomcat-7.0.105
Aug 11, 2020 1:48:39 PM org.apache.catalina.startup.VersionLoggerListener log
INFO: Command line argument: --add-opens=java.base/java.lang=ALL-UNNAMED
Aug 11, 2020 1:48:39 PM org.apache.catalina.startup.VersionLoggerListener log
INFO: Command line argument: --add-opens=java.base/java.io=ALL-UNNAMED
Aug 11, 2020 1:48:39 PM org.apache.catalina.startup.VersionLoggerListener log
INFO: Command line argument: --add-opens=java.rmi/sun.rmi.transport=ALL-UNNAMED
Aug 11, 2020 1:48:39 PM org.apache.catalina.startup.VersionLoggerListener log
INFO: Command line argument: -Djava.util.logging.config.file=/home/santhosh/apache-tomcat-7.0.105/conf/logging.properties
Aug 11, 2020 1:48:39 PM org.apache.catalina.startup.VersionLoggerListener log
INFO: Command line argument: -Djava.util.logging.manager=org.apache.juli.ClassLoaderLogManager
Aug 11, 2020 1:48:39 PM org.apache.catalina.startup.VersionLoggerListener log
INFO: Command line argument: -Djdk.tls.ephemeralDHKeySize=2048
Aug 11, 2020 1:48:39 PM org.apache.catalina.startup.VersionLoggerListener log
INFO: Command line argument: -Dorg.apache.catalina.security.SecurityListener.UMASK=0027
Aug 11, 2020 1:48:39 PM org.apache.catalina.startup.VersionLoggerListener log
INFO: Command line argument: -Dignore.endorsed.dirs=
Aug 11, 2020 1:48:39 PM org.apache.catalina.startup.VersionLoggerListener log
INFO: Command line argument: -Dcatalina.base=/home/santhosh/apache-tomcat-7.0.105
Aug 11, 2020 1:48:39 PM org.apache.catalina.startup.VersionLoggerListener log
INFO: Command line argument: -Dcatalina.home=/home/santhosh/apache-tomcat-7.0.105
Aug 11, 2020 1:48:39 PM org.apache.catalina.startup.VersionLoggerListener log
INFO: Command line argument: -Djava.io.tmpdir=/home/santhosh/apache-tomcat-7.0.105/temp
Aug 11, 2020 1:48:39 PM org.apache.catalina.core.AprLifecycleListener lifecycleEvent
INFO: The Apache Tomcat Native library which allows using OpenSSL was not found on the java.library.path: [/usr/java/packages/lib:/usr/lib/x86_64-linux-gnu/jni:/lib/x86_64-linux-gnu:/usr/lib/x86_64-linux-gnu:/usr/lib/jni:/lib:/usr/lib]
Aug 11, 2020 1:48:40 PM org.apache.coyote.AbstractProtocol init
INFO: Initializing ProtocolHandler ["http-bio-8080"]
Aug 11, 2020 1:48:40 PM org.apache.catalina.startup.Catalina load
INFO: Initialization processed in 17903 ms
Aug 11, 2020 1:48:41 PM org.apache.catalina.core.StandardService startInternal
INFO: Starting service [Catalina]
Aug 11, 2020 1:48:41 PM org.apache.catalina.core.StandardEngine startInternal
INFO: Starting Servlet Engine: Apache Tomcat/7.0.105
Aug 11, 2020 1:48:41 PM org.apache.catalina.startup.HostConfig deployDirectory
INFO: Deploying web application directory [/home/santhosh/apache-tomcat-7.0.105/webapps/docs]
Aug 11, 2020 1:48:46 PM org.apache.catalina.util.SessionIdGeneratorBase createSecureRandom
WARNING: Creation of SecureRandom instance for session ID generation using [SHA1PRNG] took [238] milliseconds.
Aug 11, 2020 1:48:47 PM org.apache.catalina.startup.HostConfig deployDirectory
INFO: Deployment of web application directory [/home/santhosh/apache-tomcat-7.0.105/webapps/docs] has finished in [5,611] ms
Aug 11, 2020 1:48:47 PM org.apache.catalina.startup.HostConfig deployDirectory
INFO: Deploying web application directory [/home/santhosh/apache-tomcat-7.0.105/webapps/examples]
Aug 11, 2020 1:48:51 PM org.apache.catalina.startup.HostConfig deployDirectory
INFO: Deployment of web application directory [/home/santhosh/apache-tomcat-7.0.105/webapps/examples] has finished in [4,182] ms
Aug 11, 2020 1:48:51 PM org.apache.catalina.startup.HostConfig deployDirectory
INFO: Deploying web application directory [/home/santhosh/apache-tomcat-7.0.105/webapps/manager]
Aug 11, 2020 1:48:52 PM org.apache.catalina.startup.HostConfig deployDirectory
INFO: Deployment of web application directory [/home/santhosh/apache-tomcat-7.0.105/webapps/manager] has finished in [1,007] ms
Aug 11, 2020 1:48:52 PM org.apache.catalina.startup.HostConfig deployDirectory
INFO: Deploying web application directory [/home/santhosh/apache-tomcat-7.0.105/webapps/host-manager]
Aug 11, 2020 1:48:53 PM org.apache.catalina.startup.HostConfig deployDirectory
INFO: Deployment of web application directory [/home/santhosh/apache-tomcat-7.0.105/webapps/host-manager] has finished in [796] ms
Aug 11, 2020 1:48:53 PM org.apache.catalina.startup.HostConfig deployDirectory
INFO: Deploying web application directory [/home/santhosh/apache-tomcat-7.0.105/webapps/ROOT]
Aug 11, 2020 1:48:54 PM org.apache.catalina.startup.HostConfig deployDirectory
INFO: Deployment of web application directory [/home/santhosh/apache-tomcat-7.0.105/webapps/ROOT] has finished in [670] ms
Aug 11, 2020 1:48:54 PM org.apache.coyote.AbstractProtocol start
INFO: Starting ProtocolHandler ["http-bio-8080"]
Aug 11, 2020 1:48:54 PM org.apache.catalina.startup.Catalina start
INFO: Server startup in 13755 ms
